14/06/09 14:59:32		≫ 処理開始 ≫ Online help Menu Output
14/06/09 14:59:32		≫≫ CSS/imagesファイルのコピー開始
14/06/09 14:59:32		≪≪ CSS/imagesファイルのコピー終了
14/06/09 14:59:32		≫≫ メニューの出力開始
14/06/09 14:59:32		≫≫≫ リダイレクトファイルの出力	Language : English
14/06/09 14:59:32		≪≪≪ リダイレクトファイルの出力
14/06/09 14:59:32		≫≫≫ 対象言語の出力	Language : English
14/06/09 14:59:34		≪≪≪ 対象言語の出力
14/06/09 14:59:34		≫≫≫ 対象言語の出力	Language : French
14/06/09 14:59:35		≪≪≪ 対象言語の出力
14/06/09 14:59:35		≫≫≫ 対象言語の出力	Language : French (Canadian)
14/06/09 14:59:36		≪≪≪ 対象言語の出力
14/06/09 14:59:36		≫≫≫ 対象言語の出力	Language : German
14/06/09 14:59:37		≪≪≪ 対象言語の出力
14/06/09 14:59:37		≫≫≫ 対象言語の出力	Language : Dutch
14/06/09 14:59:38		≪≪≪ 対象言語の出力
14/06/09 14:59:38		≫≫≫ 対象言語の出力	Language : Spanish
14/06/09 14:59:40		≪≪≪ 対象言語の出力
14/06/09 14:59:40		≫≫≫ 対象言語の出力	Language : Italian
14/06/09 14:59:41		≪≪≪ 対象言語の出力
14/06/09 14:59:41		≫≫≫ 対象言語の出力	Language : Japanese
14/06/09 14:59:42		≪≪≪ 対象言語の出力
14/06/09 14:59:42		≫≫≫ 対象言語の出力	Language : Chinese
14/06/09 14:59:43		≪≪≪ 対象言語の出力
14/06/09 14:59:43		≫≫≫ 対象言語の出力	Language : Russian
14/06/09 14:59:45		≪≪≪ 対象言語の出力
14/06/09 14:59:45		≪≪ メニューの出力終了
14/06/09 14:59:45		≪ 処理終了 ≪	処理が正常に終了しました。
					Error   : 0 件	Warning : 0 件
14/06/09 14:59:50		≫ 処理開始 ≫ Online help Contents Output
14/06/09 14:59:50		≫≫ CSS/imagesファイルのコピー開始
14/06/09 14:59:50		≪≪ CSS/imagesファイルのコピー終了
14/06/09 14:59:50		≫≫ ヘルプデータの出力開始
14/06/09 14:59:50		≫≫≫ 対象言語の出力	Language : English
14/06/09 14:59:50		≫≫≫≫ ヘルプファイルの出力	Help Page : interface.html
14/06/09 14:59:50		≪≪≪≪ ヘルプファイルの出力
14/06/09 14:59:50		≫≫≫≫ ヘルプファイルの出力	Help Page : protocol.html
14/06/09 14:59:50		≪≪≪≪ ヘルプファイルの出力
14/06/09 14:59:50		≫≫≫≫ ヘルプファイルの出力	Help Page : lpd.html
14/06/09 14:59:50		≪≪≪≪ ヘルプファイルの出力
14/06/09 14:59:50		≫≫≫≫ ヘルプファイルの出力	Help Page : ipp.html
14/06/09 14:59:50		≪≪≪≪ ヘルプファイルの出力
14/06/09 14:59:50		≫≫≫≫ ヘルプファイルの出力	Help Page : webservices.html
14/06/09 14:59:50		≪≪≪≪ ヘルプファイルの出力
14/06/09 14:59:50		≫≫≫≫ ヘルプファイルの出力	Help Page : email.html
14/06/09 14:59:51		≪≪≪≪ ヘルプファイルの出力
14/06/09 14:59:51		≫≫≫≫ ヘルプファイルの出力	Help Page : email_test.html
14/06/09 14:59:51		≪≪≪≪ ヘルプファイルの出力
14/06/09 14:59:51		≫≫≫≫ ヘルプファイルの出力	Help Page : mdns.html
14/06/09 14:59:51		≪≪≪≪ ヘルプファイルの出力
14/06/09 14:59:51		≫≫≫≫ ヘルプファイルの出力	Help Page : sntp.html
14/06/09 14:59:51		≪≪≪≪ ヘルプファイルの出力
14/06/09 14:59:51		≫≫≫≫ ヘルプファイルの出力	Help Page : notification.html
14/06/09 14:59:51		≪≪≪≪ ヘルプファイルの出力
14/06/09 14:59:51		≫≫≫≫ ヘルプファイルの出力	Help Page : notification_detail.html
14/06/09 14:59:52		≪≪≪≪ ヘルプファイルの出力
14/06/09 14:59:52		≫≫≫≫ ヘルプファイルの出力	Help Page : service.html
14/06/09 14:59:52		≪≪≪≪ ヘルプファイルの出力
14/06/09 14:59:52		≫≫≫≫ ヘルプファイルの出力	Help Page : service_detail.html
14/06/09 14:59:52		≪≪≪≪ ヘルプファイルの出力
14/06/09 14:59:52		≫≫≫≫ ヘルプファイルの出力	Help Page : tcpip.html
14/06/09 14:59:52		≪≪≪≪ ヘルプファイルの出力
14/06/09 14:59:52		≫≫≫≫ ヘルプファイルの出力	Help Page : tcpip_detail.html
14/06/09 14:59:52		≪≪≪≪ ヘルプファイルの出力
14/06/09 14:59:52		≫≫≫≫ ヘルプファイルの出力	Help Page : netbios.html
14/06/09 14:59:53		≪≪≪≪ ヘルプファイルの出力
14/06/09 14:59:53		≫≫≫≫ ヘルプファイルの出力	Help Page : ipv6.html
14/06/09 14:59:53		≪≪≪≪ ヘルプファイルの出力
14/06/09 14:59:53		≫≫≫≫ ヘルプファイルの出力	Help Page : ethernet.html
14/06/09 14:59:53		≪≪≪≪ ヘルプファイルの出力
14/06/09 14:59:53		≫≫≫≫ ヘルプファイルの出力	Help Page : tcpip.html
14/06/09 14:59:53		≪≪≪≪ ヘルプファイルの出力
14/06/09 14:59:53		≫≫≫≫ ヘルプファイルの出力	Help Page : tcpip_detail.html
14/06/09 14:59:53		≪≪≪≪ ヘルプファイルの出力
14/06/09 14:59:54		≫≫≫≫ ヘルプファイルの出力	Help Page : netbios.html
14/06/09 14:59:54		≪≪≪≪ ヘルプファイルの出力
14/06/09 14:59:54		≫≫≫≫ ヘルプファイルの出力	Help Page : ipv6.html
14/06/09 14:59:54		≪≪≪≪ ヘルプファイルの出力
14/06/09 14:59:54		≫≫≫≫ ヘルプファイルの出力	Help Page : wireless.html
14/06/09 14:59:55		≪≪≪≪ ヘルプファイルの出力
14/06/09 14:59:55		≫≫≫≫ ヘルプファイルの出力	Help Page : ipfilter.html
14/06/09 14:59:55		≪≪≪≪ ヘルプファイルの出力
14/06/09 14:59:55		≪≪≪ 対象言語の出力
14/06/09 14:59:55		≫≫≫ 対象言語の出力	Language : French
14/06/09 14:59:55		≫≫≫≫ ヘルプファイルの出力	Help Page : interface.html
14/06/09 14:59:55		≪≪≪≪ ヘルプファイルの出力
14/06/09 14:59:55		≫≫≫≫ ヘルプファイルの出力	Help Page : protocol.html
14/06/09 14:59:55		≪≪≪≪ ヘルプファイルの出力
14/06/09 14:59:55		≫≫≫≫ ヘルプファイルの出力	Help Page : lpd.html
14/06/09 14:59:55		≪≪≪≪ ヘルプファイルの出力
14/06/09 14:59:55		≫≫≫≫ ヘルプファイルの出力	Help Page : ipp.html
14/06/09 14:59:55		≪≪≪≪ ヘルプファイルの出力
14/06/09 14:59:55		≫≫≫≫ ヘルプファイルの出力	Help Page : webservices.html
14/06/09 14:59:55		≪≪≪≪ ヘルプファイルの出力
14/06/09 14:59:55		≫≫≫≫ ヘルプファイルの出力	Help Page : email.html
14/06/09 14:59:56		≪≪≪≪ ヘルプファイルの出力
14/06/09 14:59:56		≫≫≫≫ ヘルプファイルの出力	Help Page : email_test.html
14/06/09 14:59:56		≪≪≪≪ ヘルプファイルの出力
14/06/09 14:59:56		≫≫≫≫ ヘルプファイルの出力	Help Page : mdns.html
14/06/09 14:59:56		≪≪≪≪ ヘルプファイルの出力
14/06/09 14:59:56		≫≫≫≫ ヘルプファイルの出力	Help Page : sntp.html
14/06/09 14:59:56		≪≪≪≪ ヘルプファイルの出力
14/06/09 14:59:57		≫≫≫≫ ヘルプファイルの出力	Help Page : notification.html
14/06/09 14:59:57		≪≪≪≪ ヘルプファイルの出力
14/06/09 14:59:57		≫≫≫≫ ヘルプファイルの出力	Help Page : notification_detail.html
14/06/09 14:59:57		≪≪≪≪ ヘルプファイルの出力
14/06/09 14:59:57		≫≫≫≫ ヘルプファイルの出力	Help Page : service.html
14/06/09 14:59:57		≪≪≪≪ ヘルプファイルの出力
14/06/09 14:59:57		≫≫≫≫ ヘルプファイルの出力	Help Page : service_detail.html
14/06/09 14:59:57		≪≪≪≪ ヘルプファイルの出力
14/06/09 14:59:57		≫≫≫≫ ヘルプファイルの出力	Help Page : tcpip.html
14/06/09 14:59:57		≪≪≪≪ ヘルプファイルの出力
14/06/09 14:59:57		≫≫≫≫ ヘルプファイルの出力	Help Page : tcpip_detail.html
14/06/09 14:59:58		≪≪≪≪ ヘルプファイルの出力
14/06/09 14:59:58		≫≫≫≫ ヘルプファイルの出力	Help Page : netbios.html
14/06/09 14:59:58		≪≪≪≪ ヘルプファイルの出力
14/06/09 14:59:58		≫≫≫≫ ヘルプファイルの出力	Help Page : ipv6.html
14/06/09 14:59:58		≪≪≪≪ ヘルプファイルの出力
14/06/09 14:59:58		≫≫≫≫ ヘルプファイルの出力	Help Page : ethernet.html
14/06/09 14:59:58		≪≪≪≪ ヘルプファイルの出力
14/06/09 14:59:58		≫≫≫≫ ヘルプファイルの出力	Help Page : tcpip.html
14/06/09 14:59:58		≪≪≪≪ ヘルプファイルの出力
14/06/09 14:59:58		≫≫≫≫ ヘルプファイルの出力	Help Page : tcpip_detail.html
14/06/09 14:59:59		≪≪≪≪ ヘルプファイルの出力
14/06/09 14:59:59		≫≫≫≫ ヘルプファイルの出力	Help Page : netbios.html
14/06/09 14:59:59		≪≪≪≪ ヘルプファイルの出力
14/06/09 14:59:59		≫≫≫≫ ヘルプファイルの出力	Help Page : ipv6.html
14/06/09 14:59:59		≪≪≪≪ ヘルプファイルの出力
14/06/09 14:59:59		≫≫≫≫ ヘルプファイルの出力	Help Page : wireless.html
14/06/09 15:00:00		≪≪≪≪ ヘルプファイルの出力
14/06/09 15:00:00		≫≫≫≫ ヘルプファイルの出力	Help Page : ipfilter.html
14/06/09 15:00:00		≪≪≪≪ ヘルプファイルの出力
14/06/09 15:00:00		≪≪≪ 対象言語の出力
14/06/09 15:00:00		≫≫≫ 対象言語の出力	Language : French (Canadian)
14/06/09 15:00:00		≫≫≫≫ ヘルプファイルの出力	Help Page : interface.html
14/06/09 15:00:00		≪≪≪≪ ヘルプファイルの出力
14/06/09 15:00:00		≫≫≫≫ ヘルプファイルの出力	Help Page : protocol.html
14/06/09 15:00:00		≪≪≪≪ ヘルプファイルの出力
14/06/09 15:00:00		≫≫≫≫ ヘルプファイルの出力	Help Page : lpd.html
14/06/09 15:00:00		≪≪≪≪ ヘルプファイルの出力
14/06/09 15:00:00		≫≫≫≫ ヘルプファイルの出力	Help Page : ipp.html
14/06/09 15:00:01		≪≪≪≪ ヘルプファイルの出力
14/06/09 15:00:01		≫≫≫≫ ヘルプファイルの出力	Help Page : webservices.html
14/06/09 15:00:01		≪≪≪≪ ヘルプファイルの出力
14/06/09 15:00:01		≫≫≫≫ ヘルプファイルの出力	Help Page : email.html
14/06/09 15:00:01		≪≪≪≪ ヘルプファイルの出力
14/06/09 15:00:01		≫≫≫≫ ヘルプファイルの出力	Help Page : email_test.html
14/06/09 15:00:01		≪≪≪≪ ヘルプファイルの出力
14/06/09 15:00:01		≫≫≫≫ ヘルプファイルの出力	Help Page : mdns.html
14/06/09 15:00:01		≪≪≪≪ ヘルプファイルの出力
14/06/09 15:00:01		≫≫≫≫ ヘルプファイルの出力	Help Page : sntp.html
14/06/09 15:00:02		≪≪≪≪ ヘルプファイルの出力
14/06/09 15:00:02		≫≫≫≫ ヘルプファイルの出力	Help Page : notification.html
14/06/09 15:00:02		≪≪≪≪ ヘルプファイルの出力
14/06/09 15:00:02		≫≫≫≫ ヘルプファイルの出力	Help Page : notification_detail.html
14/06/09 15:00:02		≪≪≪≪ ヘルプファイルの出力
14/06/09 15:00:02		≫≫≫≫ ヘルプファイルの出力	Help Page : service.html
14/06/09 15:00:02		≪≪≪≪ ヘルプファイルの出力
14/06/09 15:00:02		≫≫≫≫ ヘルプファイルの出力	Help Page : service_detail.html
14/06/09 15:00:02		≪≪≪≪ ヘルプファイルの出力
14/06/09 15:00:02		≫≫≫≫ ヘルプファイルの出力	Help Page : tcpip.html
14/06/09 15:00:03		≪≪≪≪ ヘルプファイルの出力
14/06/09 15:00:03		≫≫≫≫ ヘルプファイルの出力	Help Page : tcpip_detail.html
14/06/09 15:00:03		≪≪≪≪ ヘルプファイルの出力
14/06/09 15:00:03		≫≫≫≫ ヘルプファイルの出力	Help Page : netbios.html
14/06/09 15:00:03		≪≪≪≪ ヘルプファイルの出力
14/06/09 15:00:03		≫≫≫≫ ヘルプファイルの出力	Help Page : ipv6.html
14/06/09 15:00:03		≪≪≪≪ ヘルプファイルの出力
14/06/09 15:00:03		≫≫≫≫ ヘルプファイルの出力	Help Page : ethernet.html
14/06/09 15:00:03		≪≪≪≪ ヘルプファイルの出力
14/06/09 15:00:03		≫≫≫≫ ヘルプファイルの出力	Help Page : tcpip.html
14/06/09 15:00:04		≪≪≪≪ ヘルプファイルの出力
14/06/09 15:00:04		≫≫≫≫ ヘルプファイルの出力	Help Page : tcpip_detail.html
14/06/09 15:00:04		≪≪≪≪ ヘルプファイルの出力
14/06/09 15:00:04		≫≫≫≫ ヘルプファイルの出力	Help Page : netbios.html
14/06/09 15:00:04		≪≪≪≪ ヘルプファイルの出力
14/06/09 15:00:04		≫≫≫≫ ヘルプファイルの出力	Help Page : ipv6.html
14/06/09 15:00:04		≪≪≪≪ ヘルプファイルの出力
14/06/09 15:00:04		≫≫≫≫ ヘルプファイルの出力	Help Page : wireless.html
14/06/09 15:00:05		≪≪≪≪ ヘルプファイルの出力
14/06/09 15:00:05		≫≫≫≫ ヘルプファイルの出力	Help Page : ipfilter.html
14/06/09 15:00:05		≪≪≪≪ ヘルプファイルの出力
14/06/09 15:00:05		≪≪≪ 対象言語の出力
14/06/09 15:00:05		≫≫≫ 対象言語の出力	Language : German
14/06/09 15:00:05		≫≫≫≫ ヘルプファイルの出力	Help Page : interface.html
14/06/09 15:00:05		≪≪≪≪ ヘルプファイルの出力
14/06/09 15:00:05		≫≫≫≫ ヘルプファイルの出力	Help Page : protocol.html
14/06/09 15:00:06		≪≪≪≪ ヘルプファイルの出力
14/06/09 15:00:06		≫≫≫≫ ヘルプファイルの出力	Help Page : lpd.html
14/06/09 15:00:06		≪≪≪≪ ヘルプファイルの出力
14/06/09 15:00:06		≫≫≫≫ ヘルプファイルの出力	Help Page : ipp.html
14/06/09 15:00:06		≪≪≪≪ ヘルプファイルの出力
14/06/09 15:00:06		≫≫≫≫ ヘルプファイルの出力	Help Page : webservices.html
14/06/09 15:00:06		≪≪≪≪ ヘルプファイルの出力
14/06/09 15:00:06		≫≫≫≫ ヘルプファイルの出力	Help Page : email.html
14/06/09 15:00:06		≪≪≪≪ ヘルプファイルの出力
14/06/09 15:00:06		≫≫≫≫ ヘルプファイルの出力	Help Page : email_test.html
14/06/09 15:00:07		≪≪≪≪ ヘルプファイルの出力
14/06/09 15:00:07		≫≫≫≫ ヘルプファイルの出力	Help Page : mdns.html
14/06/09 15:00:07		≪≪≪≪ ヘルプファイルの出力
14/06/09 15:00:07		≫≫≫≫ ヘルプファイルの出力	Help Page : sntp.html
14/06/09 15:00:07		≪≪≪≪ ヘルプファイルの出力
14/06/09 15:00:07		≫≫≫≫ ヘルプファイルの出力	Help Page : notification.html
14/06/09 15:00:07		≪≪≪≪ ヘルプファイルの出力
14/06/09 15:00:07		≫≫≫≫ ヘルプファイルの出力	Help Page : notification_detail.html
14/06/09 15:00:07		≪≪≪≪ ヘルプファイルの出力
14/06/09 15:00:07		≫≫≫≫ ヘルプファイルの出力	Help Page : service.html
14/06/09 15:00:07		≪≪≪≪ ヘルプファイルの出力
14/06/09 15:00:07		≫≫≫≫ ヘルプファイルの出力	Help Page : service_detail.html
14/06/09 15:00:08		≪≪≪≪ ヘルプファイルの出力
14/06/09 15:00:08		≫≫≫≫ ヘルプファイルの出力	Help Page : tcpip.html
14/06/09 15:00:08		≪≪≪≪ ヘルプファイルの出力
14/06/09 15:00:08		≫≫≫≫ ヘルプファイルの出力	Help Page : tcpip_detail.html
14/06/09 15:00:08		≪≪≪≪ ヘルプファイルの出力
14/06/09 15:00:08		≫≫≫≫ ヘルプファイルの出力	Help Page : netbios.html
14/06/09 15:00:08		≪≪≪≪ ヘルプファイルの出力
14/06/09 15:00:08		≫≫≫≫ ヘルプファイルの出力	Help Page : ipv6.html
14/06/09 15:00:09		≪≪≪≪ ヘルプファイルの出力
14/06/09 15:00:09		≫≫≫≫ ヘルプファイルの出力	Help Page : ethernet.html
14/06/09 15:00:09		≪≪≪≪ ヘルプファイルの出力
14/06/09 15:00:09		≫≫≫≫ ヘルプファイルの出力	Help Page : tcpip.html
14/06/09 15:00:09		≪≪≪≪ ヘルプファイルの出力
14/06/09 15:00:09		≫≫≫≫ ヘルプファイルの出力	Help Page : tcpip_detail.html
14/06/09 15:00:09		≪≪≪≪ ヘルプファイルの出力
14/06/09 15:00:09		≫≫≫≫ ヘルプファイルの出力	Help Page : netbios.html
14/06/09 15:00:09		≪≪≪≪ ヘルプファイルの出力
14/06/09 15:00:09		≫≫≫≫ ヘルプファイルの出力	Help Page : ipv6.html
14/06/09 15:00:10		≪≪≪≪ ヘルプファイルの出力
14/06/09 15:00:10		≫≫≫≫ ヘルプファイルの出力	Help Page : wireless.html
14/06/09 15:00:10		≪≪≪≪ ヘルプファイルの出力
14/06/09 15:00:10		≫≫≫≫ ヘルプファイルの出力	Help Page : ipfilter.html
14/06/09 15:00:10		≪≪≪≪ ヘルプファイルの出力
14/06/09 15:00:11		≪≪≪ 対象言語の出力
14/06/09 15:00:11		≫≫≫ 対象言語の出力	Language : Dutch
14/06/09 15:00:11		≫≫≫≫ ヘルプファイルの出力	Help Page : interface.html
14/06/09 15:00:11		≪≪≪≪ ヘルプファイルの出力
14/06/09 15:00:11		≫≫≫≫ ヘルプファイルの出力	Help Page : protocol.html
14/06/09 15:00:11		≪≪≪≪ ヘルプファイルの出力
14/06/09 15:00:11		≫≫≫≫ ヘルプファイルの出力	Help Page : lpd.html
14/06/09 15:00:11		≪≪≪≪ ヘルプファイルの出力
14/06/09 15:00:11		≫≫≫≫ ヘルプファイルの出力	Help Page : ipp.html
14/06/09 15:00:11		≪≪≪≪ ヘルプファイルの出力
14/06/09 15:00:11		≫≫≫≫ ヘルプファイルの出力	Help Page : webservices.html
14/06/09 15:00:11		≪≪≪≪ ヘルプファイルの出力
14/06/09 15:00:11		≫≫≫≫ ヘルプファイルの出力	Help Page : email.html
14/06/09 15:00:12		≪≪≪≪ ヘルプファイルの出力
14/06/09 15:00:12		≫≫≫≫ ヘルプファイルの出力	Help Page : email_test.html
14/06/09 15:00:12		≪≪≪≪ ヘルプファイルの出力
14/06/09 15:00:12		≫≫≫≫ ヘルプファイルの出力	Help Page : mdns.html
14/06/09 15:00:12		≪≪≪≪ ヘルプファイルの出力
14/06/09 15:00:12		≫≫≫≫ ヘルプファイルの出力	Help Page : sntp.html
14/06/09 15:00:12		≪≪≪≪ ヘルプファイルの出力
14/06/09 15:00:12		≫≫≫≫ ヘルプファイルの出力	Help Page : notification.html
14/06/09 15:00:12		≪≪≪≪ ヘルプファイルの出力
14/06/09 15:00:12		≫≫≫≫ ヘルプファイルの出力	Help Page : notification_detail.html
14/06/09 15:00:12		≪≪≪≪ ヘルプファイルの出力
14/06/09 15:00:12		≫≫≫≫ ヘルプファイルの出力	Help Page : service.html
14/06/09 15:00:13		≪≪≪≪ ヘルプファイルの出力
14/06/09 15:00:13		≫≫≫≫ ヘルプファイルの出力	Help Page : service_detail.html
14/06/09 15:00:13		≪≪≪≪ ヘルプファイルの出力
14/06/09 15:00:13		≫≫≫≫ ヘルプファイルの出力	Help Page : tcpip.html
14/06/09 15:00:13		≪≪≪≪ ヘルプファイルの出力
14/06/09 15:00:13		≫≫≫≫ ヘルプファイルの出力	Help Page : tcpip_detail.html
14/06/09 15:00:13		≪≪≪≪ ヘルプファイルの出力
14/06/09 15:00:13		≫≫≫≫ ヘルプファイルの出力	Help Page : netbios.html
14/06/09 15:00:14		≪≪≪≪ ヘルプファイルの出力
14/06/09 15:00:14		≫≫≫≫ ヘルプファイルの出力	Help Page : ipv6.html
14/06/09 15:00:14		≪≪≪≪ ヘルプファイルの出力
14/06/09 15:00:14		≫≫≫≫ ヘルプファイルの出力	Help Page : ethernet.html
14/06/09 15:00:14		≪≪≪≪ ヘルプファイルの出力
14/06/09 15:00:14		≫≫≫≫ ヘルプファイルの出力	Help Page : tcpip.html
14/06/09 15:00:14		≪≪≪≪ ヘルプファイルの出力
14/06/09 15:00:14		≫≫≫≫ ヘルプファイルの出力	Help Page : tcpip_detail.html
14/06/09 15:00:14		≪≪≪≪ ヘルプファイルの出力
14/06/09 15:00:14		≫≫≫≫ ヘルプファイルの出力	Help Page : netbios.html
14/06/09 15:00:15		≪≪≪≪ ヘルプファイルの出力
14/06/09 15:00:15		≫≫≫≫ ヘルプファイルの出力	Help Page : ipv6.html
14/06/09 15:00:15		≪≪≪≪ ヘルプファイルの出力
14/06/09 15:00:15		≫≫≫≫ ヘルプファイルの出力	Help Page : wireless.html
14/06/09 15:00:16		≪≪≪≪ ヘルプファイルの出力
14/06/09 15:00:16		≫≫≫≫ ヘルプファイルの出力	Help Page : ipfilter.html
14/06/09 15:00:16		≪≪≪≪ ヘルプファイルの出力
14/06/09 15:00:16		≪≪≪ 対象言語の出力
14/06/09 15:00:16		≫≫≫ 対象言語の出力	Language : Spanish
14/06/09 15:00:16		≫≫≫≫ ヘルプファイルの出力	Help Page : interface.html
14/06/09 15:00:16		≪≪≪≪ ヘルプファイルの出力
14/06/09 15:00:16		≫≫≫≫ ヘルプファイルの出力	Help Page : protocol.html
14/06/09 15:00:16		≪≪≪≪ ヘルプファイルの出力
14/06/09 15:00:16		≫≫≫≫ ヘルプファイルの出力	Help Page : lpd.html
14/06/09 15:00:16		≪≪≪≪ ヘルプファイルの出力
14/06/09 15:00:16		≫≫≫≫ ヘルプファイルの出力	Help Page : ipp.html
14/06/09 15:00:16		≪≪≪≪ ヘルプファイルの出力
14/06/09 15:00:16		≫≫≫≫ ヘルプファイルの出力	Help Page : webservices.html
14/06/09 15:00:16		≪≪≪≪ ヘルプファイルの出力
14/06/09 15:00:16		≫≫≫≫ ヘルプファイルの出力	Help Page : email.html
14/06/09 15:00:17		≪≪≪≪ ヘルプファイルの出力
14/06/09 15:00:17		≫≫≫≫ ヘルプファイルの出力	Help Page : email_test.html
14/06/09 15:00:17		≪≪≪≪ ヘルプファイルの出力
14/06/09 15:00:17		≫≫≫≫ ヘルプファイルの出力	Help Page : mdns.html
14/06/09 15:00:17		≪≪≪≪ ヘルプファイルの出力
14/06/09 15:00:17		≫≫≫≫ ヘルプファイルの出力	Help Page : sntp.html
14/06/09 15:00:17		≪≪≪≪ ヘルプファイルの出力
14/06/09 15:00:17		≫≫≫≫ ヘルプファイルの出力	Help Page : notification.html
14/06/09 15:00:18		≪≪≪≪ ヘルプファイルの出力
14/06/09 15:00:18		≫≫≫≫ ヘルプファイルの出力	Help Page : notification_detail.html
14/06/09 15:00:18		≪≪≪≪ ヘルプファイルの出力
14/06/09 15:00:18		≫≫≫≫ ヘルプファイルの出力	Help Page : service.html
14/06/09 15:00:18		≪≪≪≪ ヘルプファイルの出力
14/06/09 15:00:18		≫≫≫≫ ヘルプファイルの出力	Help Page : service_detail.html
14/06/09 15:00:18		≪≪≪≪ ヘルプファイルの出力
14/06/09 15:00:18		≫≫≫≫ ヘルプファイルの出力	Help Page : tcpip.html
14/06/09 15:00:18		≪≪≪≪ ヘルプファイルの出力
14/06/09 15:00:18		≫≫≫≫ ヘルプファイルの出力	Help Page : tcpip_detail.html
14/06/09 15:00:19		≪≪≪≪ ヘルプファイルの出力
14/06/09 15:00:19		≫≫≫≫ ヘルプファイルの出力	Help Page : netbios.html
14/06/09 15:00:19		≪≪≪≪ ヘルプファイルの出力
14/06/09 15:00:19		≫≫≫≫ ヘルプファイルの出力	Help Page : ipv6.html
14/06/09 15:00:19		≪≪≪≪ ヘルプファイルの出力
14/06/09 15:00:19		≫≫≫≫ ヘルプファイルの出力	Help Page : ethernet.html
14/06/09 15:00:19		≪≪≪≪ ヘルプファイルの出力
14/06/09 15:00:19		≫≫≫≫ ヘルプファイルの出力	Help Page : tcpip.html
14/06/09 15:00:20		≪≪≪≪ ヘルプファイルの出力
14/06/09 15:00:20		≫≫≫≫ ヘルプファイルの出力	Help Page : tcpip_detail.html
14/06/09 15:00:20		≪≪≪≪ ヘルプファイルの出力
14/06/09 15:00:20		≫≫≫≫ ヘルプファイルの出力	Help Page : netbios.html
14/06/09 15:00:20		≪≪≪≪ ヘルプファイルの出力
14/06/09 15:00:20		≫≫≫≫ ヘルプファイルの出力	Help Page : ipv6.html
14/06/09 15:00:21		≪≪≪≪ ヘルプファイルの出力
14/06/09 15:00:21		≫≫≫≫ ヘルプファイルの出力	Help Page : wireless.html
14/06/09 15:00:21		≪≪≪≪ ヘルプファイルの出力
14/06/09 15:00:21		≫≫≫≫ ヘルプファイルの出力	Help Page : ipfilter.html
14/06/09 15:00:22		≪≪≪≪ ヘルプファイルの出力
14/06/09 15:00:22		≪≪≪ 対象言語の出力
14/06/09 15:00:22		≫≫≫ 対象言語の出力	Language : Italian
14/06/09 15:00:22		≫≫≫≫ ヘルプファイルの出力	Help Page : interface.html
14/06/09 15:00:22		≪≪≪≪ ヘルプファイルの出力
14/06/09 15:00:22		≫≫≫≫ ヘルプファイルの出力	Help Page : protocol.html
14/06/09 15:00:22		≪≪≪≪ ヘルプファイルの出力
14/06/09 15:00:22		≫≫≫≫ ヘルプファイルの出力	Help Page : lpd.html
14/06/09 15:00:22		≪≪≪≪ ヘルプファイルの出力
14/06/09 15:00:22		≫≫≫≫ ヘルプファイルの出力	Help Page : ipp.html
14/06/09 15:00:22		≪≪≪≪ ヘルプファイルの出力
14/06/09 15:00:22		≫≫≫≫ ヘルプファイルの出力	Help Page : webservices.html
14/06/09 15:00:22		≪≪≪≪ ヘルプファイルの出力
14/06/09 15:00:22		≫≫≫≫ ヘルプファイルの出力	Help Page : email.html
14/06/09 15:00:23		≪≪≪≪ ヘルプファイルの出力
14/06/09 15:00:23		≫≫≫≫ ヘルプファイルの出力	Help Page : email_test.html
14/06/09 15:00:23		≪≪≪≪ ヘルプファイルの出力
14/06/09 15:00:23		≫≫≫≫ ヘルプファイルの出力	Help Page : mdns.html
14/06/09 15:00:23		≪≪≪≪ ヘルプファイルの出力
14/06/09 15:00:23		≫≫≫≫ ヘルプファイルの出力	Help Page : sntp.html
14/06/09 15:00:23		≪≪≪≪ ヘルプファイルの出力
14/06/09 15:00:23		≫≫≫≫ ヘルプファイルの出力	Help Page : notification.html
14/06/09 15:00:23		≪≪≪≪ ヘルプファイルの出力
14/06/09 15:00:23		≫≫≫≫ ヘルプファイルの出力	Help Page : notification_detail.html
14/06/09 15:00:24		≪≪≪≪ ヘルプファイルの出力
14/06/09 15:00:24		≫≫≫≫ ヘルプファイルの出力	Help Page : service.html
14/06/09 15:00:24		≪≪≪≪ ヘルプファイルの出力
14/06/09 15:00:24		≫≫≫≫ ヘルプファイルの出力	Help Page : service_detail.html
14/06/09 15:00:24		≪≪≪≪ ヘルプファイルの出力
14/06/09 15:00:24		≫≫≫≫ ヘルプファイルの出力	Help Page : tcpip.html
14/06/09 15:00:24		≪≪≪≪ ヘルプファイルの出力
14/06/09 15:00:24		≫≫≫≫ ヘルプファイルの出力	Help Page : tcpip_detail.html
14/06/09 15:00:24		≪≪≪≪ ヘルプファイルの出力
14/06/09 15:00:24		≫≫≫≫ ヘルプファイルの出力	Help Page : netbios.html
14/06/09 15:00:25		≪≪≪≪ ヘルプファイルの出力
14/06/09 15:00:25		≫≫≫≫ ヘルプファイルの出力	Help Page : ipv6.html
14/06/09 15:00:25		≪≪≪≪ ヘルプファイルの出力
14/06/09 15:00:25		≫≫≫≫ ヘルプファイルの出力	Help Page : ethernet.html
14/06/09 15:00:25		≪≪≪≪ ヘルプファイルの出力
14/06/09 15:00:25		≫≫≫≫ ヘルプファイルの出力	Help Page : tcpip.html
14/06/09 15:00:25		≪≪≪≪ ヘルプファイルの出力
14/06/09 15:00:25		≫≫≫≫ ヘルプファイルの出力	Help Page : tcpip_detail.html
14/06/09 15:00:26		≪≪≪≪ ヘルプファイルの出力
14/06/09 15:00:26		≫≫≫≫ ヘルプファイルの出力	Help Page : netbios.html
14/06/09 15:00:26		≪≪≪≪ ヘルプファイルの出力
14/06/09 15:00:26		≫≫≫≫ ヘルプファイルの出力	Help Page : ipv6.html
14/06/09 15:00:26		≪≪≪≪ ヘルプファイルの出力
14/06/09 15:00:26		≫≫≫≫ ヘルプファイルの出力	Help Page : wireless.html
14/06/09 15:00:27		≪≪≪≪ ヘルプファイルの出力
14/06/09 15:00:27		≫≫≫≫ ヘルプファイルの出力	Help Page : ipfilter.html
14/06/09 15:00:27		≪≪≪≪ ヘルプファイルの出力
14/06/09 15:00:27		≪≪≪ 対象言語の出力
14/06/09 15:00:27		≫≫≫ 対象言語の出力	Language : Japanese
14/06/09 15:00:27		≫≫≫≫ ヘルプファイルの出力	Help Page : interface.html
14/06/09 15:00:27		≪≪≪≪ ヘルプファイルの出力
14/06/09 15:00:27		≫≫≫≫ ヘルプファイルの出力	Help Page : protocol.html
14/06/09 15:00:27		≪≪≪≪ ヘルプファイルの出力
14/06/09 15:00:27		≫≫≫≫ ヘルプファイルの出力	Help Page : lpd.html
14/06/09 15:00:27		≪≪≪≪ ヘルプファイルの出力
14/06/09 15:00:27		≫≫≫≫ ヘルプファイルの出力	Help Page : ipp.html
14/06/09 15:00:28		≪≪≪≪ ヘルプファイルの出力
14/06/09 15:00:28		≫≫≫≫ ヘルプファイルの出力	Help Page : webservices.html
14/06/09 15:00:28		≪≪≪≪ ヘルプファイルの出力
14/06/09 15:00:28		≫≫≫≫ ヘルプファイルの出力	Help Page : email.html
14/06/09 15:00:28		≪≪≪≪ ヘルプファイルの出力
14/06/09 15:00:28		≫≫≫≫ ヘルプファイルの出力	Help Page : email_test.html
14/06/09 15:00:29		≪≪≪≪ ヘルプファイルの出力
14/06/09 15:00:29		≫≫≫≫ ヘルプファイルの出力	Help Page : mdns.html
14/06/09 15:00:29		≪≪≪≪ ヘルプファイルの出力
14/06/09 15:00:29		≫≫≫≫ ヘルプファイルの出力	Help Page : sntp.html
14/06/09 15:00:29		≪≪≪≪ ヘルプファイルの出力
14/06/09 15:00:29		≫≫≫≫ ヘルプファイルの出力	Help Page : notification.html
14/06/09 15:00:29		≪≪≪≪ ヘルプファイルの出力
14/06/09 15:00:29		≫≫≫≫ ヘルプファイルの出力	Help Page : notification_detail.html
14/06/09 15:00:29		≪≪≪≪ ヘルプファイルの出力
14/06/09 15:00:29		≫≫≫≫ ヘルプファイルの出力	Help Page : service.html
14/06/09 15:00:29		≪≪≪≪ ヘルプファイルの出力
14/06/09 15:00:29		≫≫≫≫ ヘルプファイルの出力	Help Page : service_detail.html
14/06/09 15:00:30		≪≪≪≪ ヘルプファイルの出力
14/06/09 15:00:30		≫≫≫≫ ヘルプファイルの出力	Help Page : tcpip.html
14/06/09 15:00:30		≪≪≪≪ ヘルプファイルの出力
14/06/09 15:00:30		≫≫≫≫ ヘルプファイルの出力	Help Page : tcpip_detail.html
14/06/09 15:00:30		≪≪≪≪ ヘルプファイルの出力
14/06/09 15:00:30		≫≫≫≫ ヘルプファイルの出力	Help Page : netbios.html
14/06/09 15:00:30		≪≪≪≪ ヘルプファイルの出力
14/06/09 15:00:30		≫≫≫≫ ヘルプファイルの出力	Help Page : ipv6.html
14/06/09 15:00:31		≪≪≪≪ ヘルプファイルの出力
14/06/09 15:00:31		≫≫≫≫ ヘルプファイルの出力	Help Page : ethernet.html
14/06/09 15:00:31		≪≪≪≪ ヘルプファイルの出力
14/06/09 15:00:31		≫≫≫≫ ヘルプファイルの出力	Help Page : tcpip.html
14/06/09 15:00:31		≪≪≪≪ ヘルプファイルの出力
14/06/09 15:00:31		≫≫≫≫ ヘルプファイルの出力	Help Page : tcpip_detail.html
14/06/09 15:00:31		≪≪≪≪ ヘルプファイルの出力
14/06/09 15:00:31		≫≫≫≫ ヘルプファイルの出力	Help Page : netbios.html
14/06/09 15:00:31		≪≪≪≪ ヘルプファイルの出力
14/06/09 15:00:31		≫≫≫≫ ヘルプファイルの出力	Help Page : ipv6.html
14/06/09 15:00:32		≪≪≪≪ ヘルプファイルの出力
14/06/09 15:00:32		≫≫≫≫ ヘルプファイルの出力	Help Page : wireless.html
14/06/09 15:00:32		≪≪≪≪ ヘルプファイルの出力
14/06/09 15:00:32		≫≫≫≫ ヘルプファイルの出力	Help Page : ipfilter.html
14/06/09 15:00:32		≪≪≪≪ ヘルプファイルの出力
14/06/09 15:00:33		≪≪≪ 対象言語の出力
14/06/09 15:00:33		≫≫≫ 対象言語の出力	Language : Chinese
14/06/09 15:00:33		≫≫≫≫ ヘルプファイルの出力	Help Page : interface.html
14/06/09 15:00:33		≪≪≪≪ ヘルプファイルの出力
14/06/09 15:00:33		≫≫≫≫ ヘルプファイルの出力	Help Page : protocol.html
14/06/09 15:00:33		≪≪≪≪ ヘルプファイルの出力
14/06/09 15:00:33		≫≫≫≫ ヘルプファイルの出力	Help Page : lpd.html
14/06/09 15:00:33		≪≪≪≪ ヘルプファイルの出力
14/06/09 15:00:33		≫≫≫≫ ヘルプファイルの出力	Help Page : ipp.html
14/06/09 15:00:33		≪≪≪≪ ヘルプファイルの出力
14/06/09 15:00:33		≫≫≫≫ ヘルプファイルの出力	Help Page : webservices.html
14/06/09 15:00:33		≪≪≪≪ ヘルプファイルの出力
14/06/09 15:00:33		≫≫≫≫ ヘルプファイルの出力	Help Page : email.html
14/06/09 15:00:34		≪≪≪≪ ヘルプファイルの出力
14/06/09 15:00:34		≫≫≫≫ ヘルプファイルの出力	Help Page : email_test.html
14/06/09 15:00:34		≪≪≪≪ ヘルプファイルの出力
14/06/09 15:00:34		≫≫≫≫ ヘルプファイルの出力	Help Page : mdns.html
14/06/09 15:00:34		≪≪≪≪ ヘルプファイルの出力
14/06/09 15:00:34		≫≫≫≫ ヘルプファイルの出力	Help Page : sntp.html
14/06/09 15:00:34		≪≪≪≪ ヘルプファイルの出力
14/06/09 15:00:34		≫≫≫≫ ヘルプファイルの出力	Help Page : notification.html
14/06/09 15:00:34		≪≪≪≪ ヘルプファイルの出力
14/06/09 15:00:34		≫≫≫≫ ヘルプファイルの出力	Help Page : notification_detail.html
14/06/09 15:00:34		≪≪≪≪ ヘルプファイルの出力
14/06/09 15:00:34		≫≫≫≫ ヘルプファイルの出力	Help Page : service.html
14/06/09 15:00:35		≪≪≪≪ ヘルプファイルの出力
14/06/09 15:00:35		≫≫≫≫ ヘルプファイルの出力	Help Page : service_detail.html
14/06/09 15:00:35		≪≪≪≪ ヘルプファイルの出力
14/06/09 15:00:35		≫≫≫≫ ヘルプファイルの出力	Help Page : tcpip.html
14/06/09 15:00:35		≪≪≪≪ ヘルプファイルの出力
14/06/09 15:00:35		≫≫≫≫ ヘルプファイルの出力	Help Page : tcpip_detail.html
14/06/09 15:00:35		≪≪≪≪ ヘルプファイルの出力
14/06/09 15:00:35		≫≫≫≫ ヘルプファイルの出力	Help Page : netbios.html
14/06/09 15:00:36		≪≪≪≪ ヘルプファイルの出力
14/06/09 15:00:36		≫≫≫≫ ヘルプファイルの出力	Help Page : ipv6.html
14/06/09 15:00:36		≪≪≪≪ ヘルプファイルの出力
14/06/09 15:00:36		≫≫≫≫ ヘルプファイルの出力	Help Page : ethernet.html
14/06/09 15:00:36		≪≪≪≪ ヘルプファイルの出力
14/06/09 15:00:36		≫≫≫≫ ヘルプファイルの出力	Help Page : tcpip.html
14/06/09 15:00:36		≪≪≪≪ ヘルプファイルの出力
14/06/09 15:00:36		≫≫≫≫ ヘルプファイルの出力	Help Page : tcpip_detail.html
14/06/09 15:00:36		≪≪≪≪ ヘルプファイルの出力
14/06/09 15:00:36		≫≫≫≫ ヘルプファイルの出力	Help Page : netbios.html
14/06/09 15:00:37		≪≪≪≪ ヘルプファイルの出力
14/06/09 15:00:37		≫≫≫≫ ヘルプファイルの出力	Help Page : ipv6.html
14/06/09 15:00:37		≪≪≪≪ ヘルプファイルの出力
14/06/09 15:00:37		≫≫≫≫ ヘルプファイルの出力	Help Page : wireless.html
14/06/09 15:00:37		≪≪≪≪ ヘルプファイルの出力
14/06/09 15:00:38		≫≫≫≫ ヘルプファイルの出力	Help Page : ipfilter.html
14/06/09 15:00:38		≪≪≪≪ ヘルプファイルの出力
14/06/09 15:00:38		≪≪≪ 対象言語の出力
14/06/09 15:00:38		≫≫≫ 対象言語の出力	Language : Russian
14/06/09 15:00:38		≫≫≫≫ ヘルプファイルの出力	Help Page : interface.html
14/06/09 15:00:38		≪≪≪≪ ヘルプファイルの出力
14/06/09 15:00:38		≫≫≫≫ ヘルプファイルの出力	Help Page : protocol.html
14/06/09 15:00:38		≪≪≪≪ ヘルプファイルの出力
14/06/09 15:00:38		≫≫≫≫ ヘルプファイルの出力	Help Page : lpd.html
14/06/09 15:00:38		≪≪≪≪ ヘルプファイルの出力
14/06/09 15:00:38		≫≫≫≫ ヘルプファイルの出力	Help Page : ipp.html
14/06/09 15:00:38		≪≪≪≪ ヘルプファイルの出力
14/06/09 15:00:38		≫≫≫≫ ヘルプファイルの出力	Help Page : webservices.html
14/06/09 15:00:38		≪≪≪≪ ヘルプファイルの出力
14/06/09 15:00:38		≫≫≫≫ ヘルプファイルの出力	Help Page : email.html
14/06/09 15:00:39		≪≪≪≪ ヘルプファイルの出力
14/06/09 15:00:39		≫≫≫≫ ヘルプファイルの出力	Help Page : email_test.html
14/06/09 15:00:39		≪≪≪≪ ヘルプファイルの出力
14/06/09 15:00:39		≫≫≫≫ ヘルプファイルの出力	Help Page : mdns.html
14/06/09 15:00:39		≪≪≪≪ ヘルプファイルの出力
14/06/09 15:00:39		≫≫≫≫ ヘルプファイルの出力	Help Page : sntp.html
14/06/09 15:00:39		≪≪≪≪ ヘルプファイルの出力
14/06/09 15:00:39		≫≫≫≫ ヘルプファイルの出力	Help Page : notification.html
14/06/09 15:00:39		≪≪≪≪ ヘルプファイルの出力
14/06/09 15:00:39		≫≫≫≫ ヘルプファイルの出力	Help Page : notification_detail.html
14/06/09 15:00:40		≪≪≪≪ ヘルプファイルの出力
14/06/09 15:00:40		≫≫≫≫ ヘルプファイルの出力	Help Page : service.html
14/06/09 15:00:40		≪≪≪≪ ヘルプファイルの出力
14/06/09 15:00:40		≫≫≫≫ ヘルプファイルの出力	Help Page : service_detail.html
14/06/09 15:00:40		≪≪≪≪ ヘルプファイルの出力
14/06/09 15:00:40		≫≫≫≫ ヘルプファイルの出力	Help Page : tcpip.html
14/06/09 15:00:40		≪≪≪≪ ヘルプファイルの出力
14/06/09 15:00:40		≫≫≫≫ ヘルプファイルの出力	Help Page : tcpip_detail.html
14/06/09 15:00:41		≪≪≪≪ ヘルプファイルの出力
14/06/09 15:00:41		≫≫≫≫ ヘルプファイルの出力	Help Page : netbios.html
14/06/09 15:00:41		≪≪≪≪ ヘルプファイルの出力
14/06/09 15:00:41		≫≫≫≫ ヘルプファイルの出力	Help Page : ipv6.html
14/06/09 15:00:41		≪≪≪≪ ヘルプファイルの出力
14/06/09 15:00:41		≫≫≫≫ ヘルプファイルの出力	Help Page : ethernet.html
14/06/09 15:00:41		≪≪≪≪ ヘルプファイルの出力
14/06/09 15:00:41		≫≫≫≫ ヘルプファイルの出力	Help Page : tcpip.html
14/06/09 15:00:41		≪≪≪≪ ヘルプファイルの出力
14/06/09 15:00:41		≫≫≫≫ ヘルプファイルの出力	Help Page : tcpip_detail.html
14/06/09 15:00:42		≪≪≪≪ ヘルプファイルの出力
14/06/09 15:00:42		≫≫≫≫ ヘルプファイルの出力	Help Page : netbios.html
14/06/09 15:00:42		≪≪≪≪ ヘルプファイルの出力
14/06/09 15:00:42		≫≫≫≫ ヘルプファイルの出力	Help Page : ipv6.html
14/06/09 15:00:42		≪≪≪≪ ヘルプファイルの出力
14/06/09 15:00:42		≫≫≫≫ ヘルプファイルの出力	Help Page : wireless.html
14/06/09 15:00:43		≪≪≪≪ ヘルプファイルの出力
14/06/09 15:00:43		≫≫≫≫ ヘルプファイルの出力	Help Page : ipfilter.html
14/06/09 15:00:43		≪≪≪≪ ヘルプファイルの出力
14/06/09 15:00:43		≪≪≪ 対象言語の出力
14/06/09 15:00:43		≪≪ ヘルプデータの出力終了
14/06/09 15:00:43		≪ 処理終了 ≪	処理が正常に終了しました。
					Error   : 0 件	Warning : 0 件
